2026-04-01 15:24:55  INFO      Healthcare Claims Pipeline — starting
2026-04-01 15:24:55  INFO      Running 5 steps
2026-04-01 15:24:55  INFO      ============================================================
2026-04-01 15:24:55  INFO      Step 1: generate_data
2026-04-01 15:24:55  INFO      ============================================================
2026-04-01 15:24:55  INFO      Step 1 (generate_data) completed in 0.0s
2026-04-01 15:24:55  INFO      ============================================================
2026-04-01 15:24:55  INFO      Step 2: loader
2026-04-01 15:24:55  INFO      ============================================================
2026-04-01 15:24:55  INFO      Step 2 (loader) completed in 0.2s
2026-04-01 15:24:55  INFO      ============================================================
2026-04-01 15:24:55  INFO      Step 3: star_schema
2026-04-01 15:24:55  INFO      ============================================================
2026-04-01 15:24:56  INFO      Step 3 (star_schema) completed in 0.5s
2026-04-01 15:24:56  INFO      ============================================================
2026-04-01 15:24:56  INFO      Step 4: hedis_metrics
2026-04-01 15:24:56  INFO      ============================================================
2026-04-01 15:24:56  INFO      Step 4 (hedis_metrics) completed in 0.0s
2026-04-01 15:24:56  INFO      ============================================================
2026-04-01 15:24:56  INFO      Step 5: generate_report
2026-04-01 15:24:56  INFO      ============================================================
2026-04-01 15:24:56  INFO      Step 5 (generate_report) completed in 0.4s
2026-04-01 15:24:56  INFO      ============================================================
2026-04-01 15:24:56  INFO      Pipeline finished successfully in 1.2s
2026-04-01 15:24:56  INFO      ============================================================
